<?xml version='1.0' encoding='UTF-8'?>
<testsuite hostname="DESKTOP-RVVF45O" name="AluSpec" tests="1" errors="0" failures="0" skipped="0" time="1.773" timestamp="2021-01-25T02:34:57">
                     <properties>
      <property name="jline.esc.timeout" value="0"/><property name="java.runtime.name" value="Java(TM) SE Runtime Environment"/><property name="sun.boot.library.path" value="C:\Program Files\Java\jdk1.8.0_281\jre\bin"/><property name="java.vm.version" value="25.281-b09"/><property name="java.vm.vendor" value="Oracle Corporation"/><property name="java.vendor.url" value="http://java.oracle.com/"/><property name="path.separator" value=";"/><property name="jna.loaded" value="true"/><property name="java.vm.name" value="Java HotSpot(TM) 64-Bit Server VM"/><property name="file.encoding.pkg" value="sun.io"/><property name="user.country" value="US"/><property name="user.script" value=""/><property name="sun.java.launcher" value="SUN_STANDARD"/><property name="sun.os.patch.level" value=""/><property name="jna.nosys" value="true"/><property name="java.vm.specification.name" value="Java Virtual Machine Specification"/><property name="user.dir" value="C:\Users\hongs\Google Drive\SISLAB\Demo\Alu"/><property name="java.runtime.version" value="1.8.0_281-b09"/><property name="java.awt.graphicsenv" value="sun.awt.Win32GraphicsEnvironment"/><property name="idea.managed" value="true"/><property name="java.endorsed.dirs" value="C:\Program Files\Java\jdk1.8.0_281\jre\lib\endorsed"/><property name="os.arch" value="amd64"/><property name="java.io.tmpdir" value="C:\Users\hongs\AppData\Local\Temp\"/><property name="line.separator" value="
"/><property name="java.vm.specification.vendor" value="Oracle Corporation"/><property name="log4j.ignoreTCL" value="true"/><property name="user.variant" value=""/><property name="os.name" value="Windows 10"/><property name="sbt.log.noformat" value="true"/><property name="sun.jnu.encoding" value="Cp1252"/><property name="jnidispatch.path" value="C:\Users\hongs\AppData\Local\Temp\jna-99462003\jna5319558672743994633.dll"/><property name="java.library.path" value="C:\Program Files\Java\jdk1.8.0_281\bin;C:\WINDOWS\Sun\Java\bin;C:\WINDOWS\system32;C:\WINDOWS;C:\Program Files (x86)\Common Files\Oracle\Java\javapath;C:\Program Files (x86)\VMware\VMware Workstation\bin\;C:\WINDOWS\system32;C:\WINDOWS;C:\WINDOWS\System32\Wbem;C:\WINDOWS\System32\WindowsPowerShell\v1.0\;C:\WINDOWS\System32\OpenSSH\;C:\Program Files\PuTTY\;C:\Program Files\Polyspace\R2019a\runtime\win64;C:\Program Files\Polyspace\R2019a\bin;C:\Program Files\Polyspace\R2019a\polyspace\bin;C:\Program Files (x86)\SumatraPDF;C:\PROGRA~2\PICC;C:\PROGRA~2\PICC;C:\Program Files\Git\cmd;C:\Program Files (x86)\sbt\bin;C:\Users\hongs\AppData\Local\Microsoft\WindowsApps;C:\Program Files\JetBrains\IntelliJ IDEA 2020.2\bin;;C:\Users\hongs\AppData\Local\Programs\Microsoft VS Code\bin;C:\Modeltech_pe_edu_10.4a\win32pe_edu;C:\Program Files (x86)\SumatraPDF;C:\texlive\2020\bin\win32;C:\Program Files\Java\jdk1.8.0_281\bin;;."/><property name="sbt.version" value="1.4.3"/><property name="java.specification.name" value="Java Platform API Specification"/><property name="java.class.version" value="52.0"/><property name="sun.management.compiler" value="HotSpot 64-Bit Tiered Compilers"/><property name="os.version" value="10.0"/><property name="swoval.tmpdir" value="C:\Users\hongs\.sbt\1.0"/><property name="user.home" value="C:\Users\hongs"/><property name="user.timezone" value="Asia/Bangkok"/><property name="java.awt.printerjob" value="sun.awt.windows.WPrinterJob"/><property name="file.encoding" value="UTF-8"/><property name="java.specification.version" value="1.8"/><property name="java.class.path" value="C:\Users\hongs\AppData\Roaming\JetBrains\IntelliJIdea2020.3\plugins\Scala\launcher\sbt-launch.jar"/><property name="user.name" value="hongs"/><property name="jline.shutdownhook" value="false"/><property name="java.vm.specification.version" value="1.8"/><property name="sun.java.command" value="C:\Users\hongs\AppData\Roaming\JetBrains\IntelliJIdea2020.3\plugins\Scala\launcher\sbt-launch.jar early(addPluginSbtFile=&quot;&quot;&quot;C:\Users\hongs\AppData\Local\Temp\idea3.sbt&quot;&quot;&quot;) ; set ideaPort in Global := 64963 ; idea-shell"/><property name="java.home" value="C:\Program Files\Java\jdk1.8.0_281\jre"/><property name="sun.arch.data.model" value="64"/><property name="user.language" value="en"/><property name="java.specification.vendor" value="Oracle Corporation"/><property name="awt.toolkit" value="sun.awt.windows.WToolkit"/><property name="java.vm.info" value="mixed mode"/><property name="java.version" value="1.8.0_281"/><property name="java.ext.dirs" value="C:\Program Files\Java\jdk1.8.0_281\jre\lib\ext;C:\WINDOWS\Sun\Java\lib\ext"/><property name="sun.boot.class.path" value="C:\Program Files\Java\jdk1.8.0_281\jre\lib\resources.jar;C:\Program Files\Java\jdk1.8.0_281\jre\lib\rt.jar;C:\Program Files\Java\jdk1.8.0_281\jre\lib\sunrsasign.jar;C:\Program Files\Java\jdk1.8.0_281\jre\lib\jsse.jar;C:\Program Files\Java\jdk1.8.0_281\jre\lib\jce.jar;C:\Program Files\Java\jdk1.8.0_281\jre\lib\charsets.jar;C:\Program Files\Java\jdk1.8.0_281\jre\lib\jfr.jar;C:\Program Files\Java\jdk1.8.0_281\jre\classes"/><property name="java.vendor" value="Oracle Corporation"/><property name="sun.stderr.encoding" value="cp437"/><property name="file.separator" value="\"/><property name="java.vendor.url.bug" value="http://bugreport.sun.com/bugreport/"/><property name="sbt.supershell" value="false"/><property name="sun.io.unicode.encoding" value="UnicodeLittle"/><property name="sun.cpu.endian" value="little"/><property name="sun.stdout.encoding" value="cp437"/><property name="sun.desktop" value="windows"/><property name="sun.cpu.isalist" value="amd64"/>
    </properties>
                     <testcase classname="AluSpec" name="WaveformCounter should pass" time="1.773">
                                                 
                                               </testcase>
                     <system-out><![CDATA[]]></system-out>
                     <system-err><![CDATA[]]></system-err>
                   </testsuite>